-- MS_init()
--[[
MeshSim version 7.1 Build 110127
--]]
MS_init()
-- SimDiscrete_start(0)
--[[
SimDiscrete Build 110127
--]]
SimDiscrete_start(0)
-- SimParasolid_start(1)
--[[
SimParasolid Build 110127
Kernel Version: 26_1_205
--]]
SimParasolid_start(1)
-- SimAdvMeshing_start()
--[[
SimAdvMeshing Build 110127
--]]
SimAdvMeshing_start()
-- ParasolidNM_createFromFile("D:\NX_CAE_DATA\mt15032_nx9\student_home\parts_simulation\valve_x_t_sim1_sam_1.x_t", 0)
r49482112 = ParasolidNM_createFromFile("D:\NX_CAE_DATA\mt15032_nx9\student_home\parts_simulation\valve_x_t_sim1_sam_1.x_t", 0)
-- GAM_createFromNativeModel(r49482112, p5957488)
r49475552 = GAM_createFromNativeModel(r49482112, p5957488)
-- NM_release(r49482112)
NM_release(r49482112)
-- GM_createFromAssemblyModel(r49475552, nil, p5957488)
r52904880 = GM_createFromAssemblyModel(r49475552, nil, p5957488)
-- M_new(0, r52904880)
r53844480 = M_new(0, r52904880)
-- MS_newMeshCase(r52904880)
n47991936 = MS_newMeshCase(r52904880)
-- MS_setMeshSize(n47991936, GM_entityByTag(r52904880, 3, 1), 1, 0.002, nil)
MS_setMeshSize(n47991936, GM_entityByTag(r52904880, 3, 1), 1, 0.002, nil)
-- MS_setMeshSize(n47991936, GM_domain(r52904880), 1, 0.002, nil)
MS_setMeshSize(n47991936, GM_domain(r52904880), 1, 0.002, nil)
-- MS_minLayerAspectRatio(n47991936, GM_domain(r52904880), 0.9)
MS_minLayerAspectRatio(n47991936, GM_domain(r52904880), 0.9)
-- MS_minExposedAspectRatio(n47991936, GM_domain(r52904880), 0.2)
MS_minExposedAspectRatio(n47991936, GM_domain(r52904880), 0.2)
-- SurfaceMesher_new(n47991936, r53844480)
p53861472 = SurfaceMesher_new(n47991936, r53844480)
-- SurfaceMesher_setOptimization(p53861472, 1)
SurfaceMesher_setOptimization(p53861472, 1)
-- SurfaceMesher_setSmoothing(p53861472, 1)
SurfaceMesher_setSmoothing(p53861472, 1)
-- SurfaceMesher_setFixIntersections(p53861472, 1)
SurfaceMesher_setFixIntersections(p53861472, 1)
-- SurfaceMesher_setContinueOnError(p53861472, 0)
SurfaceMesher_setContinueOnError(p53861472, 0)
-- SurfaceMesher_setFaceRotationLimit(p53861472, 15)
SurfaceMesher_setFaceRotationLimit(p53861472, 15)
-- SurfaceMesher_setProximitySizeLevel(p53861472, 0)
SurfaceMesher_setProximitySizeLevel(p53861472, 0)
-- SurfaceMesher_setUseNewQuadMesher(p53861472, 0)
SurfaceMesher_setUseNewQuadMesher(p53861472, 0)
-- SurfaceMesher_setOptimizeBL(p53861472, 0)
SurfaceMesher_setOptimizeBL(p53861472, 0)
-- SurfaceMesher_execute(p53861472, p5957488)
SurfaceMesher_execute(p53861472, p5957488)
-- VolumeMesher_new(n47991936, r53844480)
p5986384 = VolumeMesher_new(n47991936, r53844480)
-- VolumeMesher_setEnforceSize(p5986384, 0)
VolumeMesher_setEnforceSize(p5986384, 0)
-- VolumeMesher_setOptimization(p5986384, 1)
VolumeMesher_setOptimization(p5986384, 1)
-- VolumeMesher_setSmoothing(p5986384, 1)
VolumeMesher_setSmoothing(p5986384, 1)
-- VolumeMesher_setModifySurface(p5986384, 1)
VolumeMesher_setModifySurface(p5986384, 1)
-- VolumeMesher_setDoStructuredMeshing(p5986384, 1)
VolumeMesher_setDoStructuredMeshing(p5986384, 1)
-- VolumeMesher_setDoUnstructuredMeshing(p5986384, 1)
VolumeMesher_setDoUnstructuredMeshing(p5986384, 1)
-- VolumeMesher_setModifyBL(p5986384, 0)
VolumeMesher_setModifyBL(p5986384, 0)
-- VolumeMesher_setDoStructuredMeshing(p5986384, 1)
VolumeMesher_setDoStructuredMeshing(p5986384, 1)
-- VolumeMesher_setDoUnstructuredMeshing(p5986384, 1)
VolumeMesher_setDoUnstructuredMeshing(p5986384, 1)
-- VolumeMesher_execute(p5986384, p5957488)
VolumeMesher_execute(p5986384, p5957488)
-- M_release(r53844480)
M_release(r53844480)
-- GM_release(r52904880)
GM_release(r52904880)
-- SimAdvMeshing_stop()
SimAdvMeshing_stop()
-- SimDiscrete_stop(0)
SimDiscrete_stop(0)
-- SimParasolid_stop(1)
SimParasolid_stop(1)
-- MS_exit()
MS_exit()
